[29-Jun-2022 16:50:32 UTC]  PHP error log 
[29-Jun-2022 16:50:32 UTC]  ============= 
[29-Jun-2022 16:50:32 UTC] APP::__CONSTRUCT() Archivo del controlador actual -> controllers/productos.php
[29-Jun-2022 16:50:32 UTC] SessionController::validateSession()
[29-Jun-2022 16:50:32 UTC] Identificacion del usuario actual -> 17
[29-Jun-2022 16:50:32 UTC] SessionController::getUserSessionData() is started
[29-Jun-2022 16:50:32 UTC] SessionController::validateSession() is true mozo1
[29-Jun-2022 16:50:32 UTC] SessionController::validateSession() is true mozo
[29-Jun-2022 16:50:32 UTC] sessionController::getCurrentPage(): actualLink => /productos/getCategories/1, url => productos
[29-Jun-2022 16:50:32 UTC] sessionController::isPublic(): currentURL => productos
[29-Jun-2022 16:50:32 UTC] sessionController::getCurrentPage(): actualLink => /productos/getCategories/1, url => productos
[29-Jun-2022 16:50:32 UTC] SessionController::validateSession() => autorizado, lo dejamos pasar
[29-Jun-2022 16:50:32 UTC] APP::__CONSTRUCT numero de params => 1
[29-Jun-2022 16:50:32 UTC] PHP Warning:  Undefined array key 1 in /var/www/html/controllers/productos.php on line 26
[29-Jun-2022 16:51:53 UTC]  PHP error log 
[29-Jun-2022 16:51:53 UTC]  ============= 
[29-Jun-2022 16:51:54 UTC] APP::__CONSTRUCT() Archivo del controlador actual -> controllers/productos.php
[29-Jun-2022 16:51:54 UTC] SessionController::validateSession()
[29-Jun-2022 16:51:54 UTC] Identificacion del usuario actual -> 17
[29-Jun-2022 16:51:54 UTC] SessionController::getUserSessionData() is started
[29-Jun-2022 16:51:54 UTC] SessionController::validateSession() is true mozo1
[29-Jun-2022 16:51:54 UTC] SessionController::validateSession() is true mozo
[29-Jun-2022 16:51:54 UTC] sessionController::getCurrentPage(): actualLink => /productos/getCategories/1, url => productos
[29-Jun-2022 16:51:54 UTC] sessionController::isPublic(): currentURL => productos
[29-Jun-2022 16:51:54 UTC] sessionController::getCurrentPage(): actualLink => /productos/getCategories/1, url => productos
[29-Jun-2022 16:51:54 UTC] SessionController::validateSession() => autorizado, lo dejamos pasar
[29-Jun-2022 16:51:54 UTC] APP::__CONSTRUCT numero de params => 1
[29-Jun-2022 16:51:54 UTC]  PHP error log 
[29-Jun-2022 16:51:54 UTC]  ============= 
[29-Jun-2022 16:51:54 UTC] APP::__CONSTRUCT() Archivo del controlador actual -> controllers/images.php
[29-Jun-2022 16:51:54 UTC] Render: errors/404
[29-Jun-2022 16:52:22 UTC]  PHP error log 
[29-Jun-2022 16:52:22 UTC]  ============= 
[29-Jun-2022 16:52:22 UTC] APP::__CONSTRUCT() Archivo del controlador actual -> controllers/productos.php
[29-Jun-2022 16:52:22 UTC] SessionController::validateSession()
[29-Jun-2022 16:52:22 UTC] sessionController::getCurrentPage(): actualLink => /productos/getCategories/1, url => productos
[29-Jun-2022 16:52:22 UTC] sessionController::isPublic(): currentURL => productos
[29-Jun-2022 16:52:22 UTC] SessionControler::validateSession() redirect al login
[29-Jun-2022 16:52:22 UTC] APP::__CONSTRUCT numero de params => 1
[29-Jun-2022 16:52:43 UTC]  PHP error log 
[29-Jun-2022 16:52:43 UTC]  ============= 
[29-Jun-2022 16:52:43 UTC] APP::__CONSTRUCT() Archivo del controlador actual -> controllers/productos.php
[29-Jun-2022 16:52:43 UTC] SessionController::validateSession()
[29-Jun-2022 16:52:43 UTC] sessionController::getCurrentPage(): actualLink => /productos/getCategories/1, url => productos
[29-Jun-2022 16:52:43 UTC] sessionController::isPublic(): currentURL => productos
[29-Jun-2022 16:52:43 UTC] SessionControler::validateSession() redirect al login
[29-Jun-2022 16:52:43 UTC] APP::__CONSTRUCT numero de params => 1
[29-Jun-2022 16:52:43 UTC]  PHP error log 
[29-Jun-2022 16:52:43 UTC]  ============= 
[29-Jun-2022 16:52:43 UTC] APP::__CONSTRUCT() Archivo del controlador actual -> controllers/productos.php
[29-Jun-2022 16:52:43 UTC] SessionController::validateSession()
[29-Jun-2022 16:52:43 UTC] sessionController::getCurrentPage(): actualLink => /productos/getCategories/1, url => productos
[29-Jun-2022 16:52:43 UTC] sessionController::isPublic(): currentURL => productos
[29-Jun-2022 16:52:43 UTC] SessionControler::validateSession() redirect al login
[29-Jun-2022 16:52:43 UTC] APP::__CONSTRUCT numero de params => 1
[29-Jun-2022 16:53:10 UTC]  PHP error log 
[29-Jun-2022 16:53:10 UTC]  ============= 
[29-Jun-2022 16:53:10 UTC] APP::__CONSTRUCT() Archivo del controlador actual -> controllers/productos.php
[29-Jun-2022 16:53:10 UTC] SessionController::validateSession()
[29-Jun-2022 16:53:10 UTC] sessionController::getCurrentPage(): actualLink => /productos/getCategories/1, url => productos
[29-Jun-2022 16:53:10 UTC] sessionController::isPublic(): currentURL => productos
[29-Jun-2022 16:53:10 UTC] SessionControler::validateSession() redirect al login
[29-Jun-2022 16:53:10 UTC] APP::__CONSTRUCT numero de params => 1
[29-Jun-2022 16:53:10 UTC]  PHP error log 
[29-Jun-2022 16:53:10 UTC]  ============= 
[29-Jun-2022 16:53:10 UTC] APP::__CONSTRUCT() Archivo del controlador actual -> controllers/favicon.ico.php
[29-Jun-2022 16:53:10 UTC] Render: errors/404
[29-Jun-2022 16:54:56 UTC]  PHP error log 
[29-Jun-2022 16:54:56 UTC]  ============= 
[29-Jun-2022 16:54:56 UTC] APP::__CONSTRUCT() Archivo del controlador actual -> controllers/productos.php
[29-Jun-2022 16:54:56 UTC] SessionController::validateSession()
[29-Jun-2022 16:54:56 UTC] sessionController::getCurrentPage(): actualLink => /productos, url => productos
[29-Jun-2022 16:54:56 UTC] SessionControler::validateSession() redirect al login
[29-Jun-2022 16:54:56 UTC] SessionController::getUserSessionData() is started
[29-Jun-2022 16:54:56 UTC] PHP Warning:  Undefined array key "user" in /var/www/html/classes/session.php on line 20
[29-Jun-2022 16:54:56 UTC] PHP Warning:  Trying to access array offset on value of type bool in /var/www/html/models/User.php on line 34
[29-Jun-2022 16:54:56 UTC] PHP Warning:  Trying to access array offset on value of type bool in /var/www/html/models/User.php on line 35
[29-Jun-2022 16:54:56 UTC] PHP Warning:  Trying to access array offset on value of type bool in /var/www/html/models/User.php on line 36
[29-Jun-2022 16:54:56 UTC] PHP Warning:  Trying to access array offset on value of type bool in /var/www/html/models/User.php on line 37
[29-Jun-2022 16:54:56 UTC] PHP Warning:  Trying to access array offset on value of type bool in /var/www/html/models/User.php on line 38
[29-Jun-2022 16:54:56 UTC] PHP Warning:  Trying to access array offset on value of type bool in /var/www/html/models/User.php on line 39
[29-Jun-2022 16:54:56 UTC] PRODUCTOS::RENDER dataUser 
[29-Jun-2022 16:54:56 UTC] Render: productos/index
[29-Jun-2022 16:54:56 UTC]  PHP error log 
[29-Jun-2022 16:54:56 UTC]  ============= 
[29-Jun-2022 16:54:56 UTC] SessionController::validateSession()
[29-Jun-2022 16:54:56 UTC] sessionController::getCurrentPage(): actualLink => /, url => 
[29-Jun-2022 16:54:56 UTC] SessionCOntrollerÑÑvalidateSession() public page
[29-Jun-2022 16:54:56 UTC] Render: login/index
[29-Jun-2022 16:54:57 UTC]  PHP error log 
[29-Jun-2022 16:54:57 UTC]  ============= 
[29-Jun-2022 16:54:57 UTC] APP::__CONSTRUCT() Archivo del controlador actual -> controllers/productos.php
[29-Jun-2022 16:54:57 UTC] SessionController::validateSession()
[29-Jun-2022 16:54:57 UTC] sessionController::getCurrentPage(): actualLink => /productos, url => productos
[29-Jun-2022 16:54:57 UTC] SessionControler::validateSession() redirect al login
[29-Jun-2022 16:54:57 UTC] SessionController::getUserSessionData() is started
[29-Jun-2022 16:54:57 UTC] PHP Warning:  Undefined array key "user" in /var/www/html/classes/session.php on line 20
[29-Jun-2022 16:54:57 UTC] PHP Warning:  Trying to access array offset on value of type bool in /var/www/html/models/User.php on line 34
[29-Jun-2022 16:54:57 UTC] PHP Warning:  Trying to access array offset on value of type bool in /var/www/html/models/User.php on line 35
[29-Jun-2022 16:54:57 UTC] PHP Warning:  Trying to access array offset on value of type bool in /var/www/html/models/User.php on line 36
[29-Jun-2022 16:54:57 UTC] PHP Warning:  Trying to access array offset on value of type bool in /var/www/html/models/User.php on line 37
[29-Jun-2022 16:54:57 UTC] PHP Warning:  Trying to access array offset on value of type bool in /var/www/html/models/User.php on line 38
[29-Jun-2022 16:54:57 UTC] PHP Warning:  Trying to access array offset on value of type bool in /var/www/html/models/User.php on line 39
[29-Jun-2022 16:54:57 UTC] PRODUCTOS::RENDER dataUser 
[29-Jun-2022 16:54:57 UTC] Render: productos/index
[29-Jun-2022 16:54:57 UTC]  PHP error log 
[29-Jun-2022 16:54:57 UTC]  ============= 
[29-Jun-2022 16:54:57 UTC] SessionController::validateSession()
[29-Jun-2022 16:54:57 UTC] sessionController::getCurrentPage(): actualLink => /, url => 
[29-Jun-2022 16:54:57 UTC] SessionCOntrollerÑÑvalidateSession() public page
[29-Jun-2022 16:54:57 UTC] Render: login/index
[29-Jun-2022 16:54:57 UTC]  PHP error log 
[29-Jun-2022 16:54:57 UTC]  ============= 
[29-Jun-2022 16:54:57 UTC] APP::__CONSTRUCT() Archivo del controlador actual -> controllers/favicon.ico.php
[29-Jun-2022 16:54:57 UTC] Render: errors/404
[29-Jun-2022 16:54:59 UTC]  PHP error log 
[29-Jun-2022 16:54:59 UTC]  ============= 
[29-Jun-2022 16:54:59 UTC] APP::__CONSTRUCT() Archivo del controlador actual -> controllers/productos.php
[29-Jun-2022 16:54:59 UTC] SessionController::validateSession()
[29-Jun-2022 16:54:59 UTC] sessionController::getCurrentPage(): actualLink => /productos/getCategories/1, url => productos
[29-Jun-2022 16:54:59 UTC] SessionControler::validateSession() redirect al login
[29-Jun-2022 16:54:59 UTC] APP::__CONSTRUCT numero de params => 1
[29-Jun-2022 16:54:59 UTC]  PHP error log 
[29-Jun-2022 16:54:59 UTC]  ============= 
[29-Jun-2022 16:54:59 UTC] APP::__CONSTRUCT() Archivo del controlador actual -> controllers/favicon.ico.php
[29-Jun-2022 16:54:59 UTC] Render: errors/404
[29-Jun-2022 16:56:23 UTC]  PHP error log 
[29-Jun-2022 16:56:23 UTC]  ============= 
[29-Jun-2022 16:56:24 UTC] APP::__CONSTRUCT() Archivo del controlador actual -> controllers/productos.php
[29-Jun-2022 16:56:24 UTC] SessionController::validateSession()
[29-Jun-2022 16:56:24 UTC] sessionController::getCurrentPage(): actualLink => /productos/getCategories/1, url => productos
[29-Jun-2022 16:56:24 UTC] SessionControler::validateSession() redirect al login
[29-Jun-2022 16:56:24 UTC] APP::__CONSTRUCT numero de params => 1
[29-Jun-2022 16:56:44 UTC]  PHP error log 
[29-Jun-2022 16:56:44 UTC]  ============= 
[29-Jun-2022 16:56:44 UTC] APP::__CONSTRUCT() Archivo del controlador actual -> controllers/logout.php
[29-Jun-2022 16:56:44 UTC] SessionController::validateSession()
[29-Jun-2022 16:56:44 UTC] Identificacion del usuario actual -> 17
[29-Jun-2022 16:56:44 UTC] SessionController::getUserSessionData() is started
[29-Jun-2022 16:56:44 UTC] SessionController::validateSession() is true mozo1
[29-Jun-2022 16:56:44 UTC] SessionController::validateSession() is true mozo
[29-Jun-2022 16:56:44 UTC] sessionController::getCurrentPage(): actualLink => /logout, url => logout
[29-Jun-2022 16:56:44 UTC] sessionController::getCurrentPage(): actualLink => /logout, url => logout
[29-Jun-2022 16:56:44 UTC] SessionController::validateSession() => no autorizado, redirige al main
[29-Jun-2022 16:56:44 UTC] controller::redirect passed
[29-Jun-2022 16:56:44 UTC]  PHP error log 
[29-Jun-2022 16:56:44 UTC]  ============= 
[29-Jun-2022 16:56:44 UTC] SessionController::validateSession()
[29-Jun-2022 16:56:44 UTC] sessionController::getCurrentPage(): actualLink => /, url => 
[29-Jun-2022 16:56:44 UTC] SessionCOntrollerÑÑvalidateSession() public page
[29-Jun-2022 16:56:44 UTC] Render: login/index
[29-Jun-2022 16:56:46 UTC]  PHP error log 
[29-Jun-2022 16:56:46 UTC]  ============= 
[29-Jun-2022 16:56:46 UTC] APP::__CONSTRUCT() Archivo del controlador actual -> controllers/productos.php
[29-Jun-2022 16:56:46 UTC] SessionController::validateSession()
[29-Jun-2022 16:56:46 UTC] sessionController::getCurrentPage(): actualLink => /productos/getCategories/1, url => productos
[29-Jun-2022 16:56:46 UTC] SessionControler::validateSession() redirect al login
[29-Jun-2022 16:56:46 UTC] APP::__CONSTRUCT numero de params => 1
[29-Jun-2022 16:56:46 UTC]  PHP error log 
[29-Jun-2022 16:56:46 UTC]  ============= 
[29-Jun-2022 16:56:46 UTC] APP::__CONSTRUCT() Archivo del controlador actual -> controllers/images.php
[29-Jun-2022 16:56:46 UTC] Render: errors/404
[29-Jun-2022 16:56:48 UTC]  PHP error log 
[29-Jun-2022 16:56:48 UTC]  ============= 
[29-Jun-2022 16:56:48 UTC] APP::__CONSTRUCT() Archivo del controlador actual -> controllers/productos.php
[29-Jun-2022 16:56:48 UTC] SessionController::validateSession()
[29-Jun-2022 16:56:48 UTC] sessionController::getCurrentPage(): actualLink => /productos/getCategories/1, url => productos
[29-Jun-2022 16:56:48 UTC] SessionControler::validateSession() redirect al login
[29-Jun-2022 16:56:48 UTC] APP::__CONSTRUCT numero de params => 1
[29-Jun-2022 16:56:48 UTC]  PHP error log 
[29-Jun-2022 16:56:48 UTC]  ============= 
[29-Jun-2022 16:56:48 UTC] APP::__CONSTRUCT() Archivo del controlador actual -> controllers/images.php
[29-Jun-2022 16:56:48 UTC] Render: errors/404
[29-Jun-2022 16:57:01 UTC]  PHP error log 
[29-Jun-2022 16:57:01 UTC]  ============= 
[29-Jun-2022 16:57:01 UTC] APP::__CONSTRUCT() Archivo del controlador actual -> controllers/productos.php
[29-Jun-2022 16:57:01 UTC] SessionController::validateSession()
[29-Jun-2022 16:57:01 UTC] sessionController::getCurrentPage(): actualLink => /productos/getCategories/1, url => productos
[29-Jun-2022 16:57:01 UTC] SessionControler::validateSession() redirect al login
[29-Jun-2022 16:57:01 UTC] APP::__CONSTRUCT numero de params => 1
[29-Jun-2022 16:57:01 UTC]  PHP error log 
[29-Jun-2022 16:57:01 UTC]  ============= 
[29-Jun-2022 16:57:01 UTC] APP::__CONSTRUCT() Archivo del controlador actual -> controllers/images.php
[29-Jun-2022 16:57:01 UTC] Render: errors/404
[29-Jun-2022 16:57:02 UTC]  PHP error log 
[29-Jun-2022 16:57:02 UTC]  ============= 
[29-Jun-2022 16:57:02 UTC] APP::__CONSTRUCT() Archivo del controlador actual -> controllers/productos.php
[29-Jun-2022 16:57:02 UTC] SessionController::validateSession()
[29-Jun-2022 16:57:02 UTC] sessionController::getCurrentPage(): actualLink => /productos/getCategories/1, url => productos
[29-Jun-2022 16:57:02 UTC] SessionControler::validateSession() redirect al login
[29-Jun-2022 16:57:02 UTC] APP::__CONSTRUCT numero de params => 1
[29-Jun-2022 16:57:02 UTC]  PHP error log 
[29-Jun-2022 16:57:02 UTC]  ============= 
[29-Jun-2022 16:57:02 UTC] APP::__CONSTRUCT() Archivo del controlador actual -> controllers/images.php
[29-Jun-2022 16:57:02 UTC] Render: errors/404
[29-Jun-2022 17:01:08 UTC]  PHP error log 
[29-Jun-2022 17:01:08 UTC]  ============= 
[29-Jun-2022 17:01:08 UTC] APP::__CONSTRUCT() Archivo del controlador actual -> controllers/productos.php
[29-Jun-2022 17:01:08 UTC] SessionController::validateSession()
[29-Jun-2022 17:01:08 UTC] sessionController::getCurrentPage(): actualLink => /productos/getCategories/1, url => productos
[29-Jun-2022 17:01:08 UTC] SESSIONCONTROLLER::isPublic currentURL => productos
[29-Jun-2022 17:01:08 UTC] SessionControler::validateSession() redirect al login
[29-Jun-2022 17:01:08 UTC] APP::__CONSTRUCT numero de params => 1
[29-Jun-2022 17:01:57 UTC]  PHP error log 
[29-Jun-2022 17:01:57 UTC]  ============= 
[29-Jun-2022 17:01:57 UTC] APP::__CONSTRUCT() Archivo del controlador actual -> controllers/productos.php
[29-Jun-2022 17:01:57 UTC] SessionController::validateSession()
[29-Jun-2022 17:01:57 UTC] sessionController::getCurrentPage(): actualLink => /productos/getCategories/1, url => productos
[29-Jun-2022 17:01:57 UTC] SESSIONCONTROLLER::isPublic currentURL => productos
[29-Jun-2022 17:01:57 UTC] SessionControler::validateSession() redirect al login
[29-Jun-2022 17:01:57 UTC] APP::__CONSTRUCT numero de params => 1
[29-Jun-2022 17:01:57 UTC]  PHP error log 
[29-Jun-2022 17:01:57 UTC]  ============= 
[29-Jun-2022 17:01:57 UTC] APP::__CONSTRUCT() Archivo del controlador actual -> controllers/images.php
[29-Jun-2022 17:01:57 UTC] Render: errors/404
[29-Jun-2022 17:02:55 UTC]  PHP error log 
[29-Jun-2022 17:02:55 UTC]  ============= 
[29-Jun-2022 17:02:55 UTC] APP::__CONSTRUCT() Archivo del controlador actual -> controllers/productos.php
[29-Jun-2022 17:02:55 UTC] SessionController::validateSession()
[29-Jun-2022 17:02:55 UTC] sessionController::getCurrentPage(): actualLink => /productos/getCategories/1, url => productos
[29-Jun-2022 17:02:55 UTC] SESSIONCONTROLLER::isPublic currentURL => productos
[29-Jun-2022 17:02:55 UTC] SessionControler::validateSession() redirect al login
[29-Jun-2022 17:02:55 UTC] APP::__CONSTRUCT numero de params => 1
[29-Jun-2022 17:03:49 UTC]  PHP error log 
[29-Jun-2022 17:03:49 UTC]  ============= 
[29-Jun-2022 17:03:49 UTC] APP::__CONSTRUCT() Archivo del controlador actual -> controllers/productos.php
[29-Jun-2022 17:03:49 UTC] SessionController::validateSession()
[29-Jun-2022 17:03:49 UTC] sessionController::getCurrentPage(): actualLink => /productos/getCategories/1, url => productos
[29-Jun-2022 17:03:49 UTC] SESSIONCONTROLLER::isPublic currentURL => productos
[29-Jun-2022 17:03:49 UTC] SessionControler::validateSession() redirect al login
[29-Jun-2022 17:03:49 UTC] APP::__CONSTRUCT numero de params => 1
[29-Jun-2022 17:03:54 UTC]  PHP error log 
[29-Jun-2022 17:03:54 UTC]  ============= 
[29-Jun-2022 17:03:54 UTC] APP::__CONSTRUCT() Archivo del controlador actual -> controllers/productos.php
[29-Jun-2022 17:03:54 UTC] SessionController::validateSession()
[29-Jun-2022 17:03:54 UTC] sessionController::getCurrentPage(): actualLink => /productos/getCategories/1, url => productos
[29-Jun-2022 17:03:54 UTC] SESSIONCONTROLLER::isPublic currentURL => productos
[29-Jun-2022 17:03:54 UTC] SessionControler::validateSession() redirect al login
[29-Jun-2022 17:03:54 UTC] APP::__CONSTRUCT numero de params => 1
[29-Jun-2022 17:03:55 UTC]  PHP error log 
[29-Jun-2022 17:03:55 UTC]  ============= 
[29-Jun-2022 17:03:55 UTC] APP::__CONSTRUCT() Archivo del controlador actual -> controllers/productos.php
[29-Jun-2022 17:03:55 UTC] SessionController::validateSession()
[29-Jun-2022 17:03:55 UTC] sessionController::getCurrentPage(): actualLink => /productos/getCategories/1, url => productos
[29-Jun-2022 17:03:55 UTC] SESSIONCONTROLLER::isPublic currentURL => productos
[29-Jun-2022 17:03:55 UTC] SessionControler::validateSession() redirect al login
[29-Jun-2022 17:03:55 UTC] APP::__CONSTRUCT numero de params => 1
[29-Jun-2022 17:04:15 UTC]  PHP error log 
[29-Jun-2022 17:04:15 UTC]  ============= 
[29-Jun-2022 17:04:15 UTC] APP::__CONSTRUCT() Archivo del controlador actual -> controllers/productos.php
[29-Jun-2022 17:04:15 UTC] SessionController::validateSession()
[29-Jun-2022 17:04:15 UTC] sessionController::getCurrentPage(): actualLink => /productos/getCategories/1, url => productos
[29-Jun-2022 17:04:15 UTC] SESSIONCONTROLLER::isPublic currentURL => productos
[29-Jun-2022 17:04:15 UTC] SessionControler::validateSession() redirect al login
[29-Jun-2022 17:04:15 UTC] APP::__CONSTRUCT numero de params => 1
[29-Jun-2022 17:04:15 UTC]  PHP error log 
[29-Jun-2022 17:04:15 UTC]  ============= 
[29-Jun-2022 17:04:15 UTC] APP::__CONSTRUCT() Archivo del controlador actual -> controllers/images.php
[29-Jun-2022 17:04:15 UTC] Render: errors/404
[29-Jun-2022 17:04:31 UTC]  PHP error log 
[29-Jun-2022 17:04:31 UTC]  ============= 
[29-Jun-2022 17:04:31 UTC] APP::__CONSTRUCT() Archivo del controlador actual -> controllers/login.php
[29-Jun-2022 17:04:31 UTC] SessionController::validateSession()
[29-Jun-2022 17:04:31 UTC] sessionController::getCurrentPage(): actualLink => /login/authenticate, url => login
[29-Jun-2022 17:04:31 UTC] SESSIONCONTROLLER::isPublic currentURL => login
[29-Jun-2022 17:04:31 UTC] sessionController::isPublic(): currentURL => login
[29-Jun-2022 17:04:31 UTC] SessionCOntrollerÑÑvalidateSession() public page
[29-Jun-2022 17:04:31 UTC] ExistPost: Todos los parametros existen
[29-Jun-2022 17:04:31 UTC] LOGINMODE::LOGIN user id17
[29-Jun-2022 17:04:31 UTC] Password Actual -> password , Password Descriptada -> password
[29-Jun-2022 17:04:31 UTC] LOGINMODEL::login() verify password PASSED
[29-Jun-2022 17:04:31 UTC] Login::authenticate() passed
[29-Jun-2022 17:04:31 UTC] sessionController::initialize(): user: mozo1
[29-Jun-2022 17:04:31 UTC] sessionController::authorizeAccess(): role: mozo
[29-Jun-2022 17:04:31 UTC] controller::redirect passed
[29-Jun-2022 17:04:31 UTC]  PHP error log 
[29-Jun-2022 17:04:31 UTC]  ============= 
[29-Jun-2022 17:04:31 UTC] APP::__CONSTRUCT() Archivo del controlador actual -> controllers/vender.php
[29-Jun-2022 17:04:31 UTC] SessionController::validateSession()
[29-Jun-2022 17:04:31 UTC] Identificacion del usuario actual -> 17
[29-Jun-2022 17:04:31 UTC] SessionController::getUserSessionData() is started
[29-Jun-2022 17:04:31 UTC] SessionController::validateSession() is true mozo1
[29-Jun-2022 17:04:31 UTC] SessionController::validateSession() is true mozo
[29-Jun-2022 17:04:31 UTC] sessionController::getCurrentPage(): actualLink => /vender, url => vender
[29-Jun-2022 17:04:31 UTC] SESSIONCONTROLLER::isPublic currentURL => vender
[29-Jun-2022 17:04:31 UTC] sessionController::getCurrentPage(): actualLink => /vender, url => vender
[29-Jun-2022 17:04:31 UTC] SessionController::validateSession() => autorizado, lo dejamos pasar
[29-Jun-2022 17:04:31 UTC] SessionController::getUserSessionData() is started
[29-Jun-2022 17:04:31 UTC] VENDER::RENDER dataUser mozo1
[29-Jun-2022 17:04:31 UTC] Render: vender/index
[29-Jun-2022 17:04:33 UTC]  PHP error log 
[29-Jun-2022 17:04:33 UTC]  ============= 
[29-Jun-2022 17:04:33 UTC] APP::__CONSTRUCT() Archivo del controlador actual -> controllers/productos.php
[29-Jun-2022 17:04:33 UTC] SessionController::validateSession()
[29-Jun-2022 17:04:33 UTC] Identificacion del usuario actual -> 17
[29-Jun-2022 17:04:33 UTC] SessionController::getUserSessionData() is started
[29-Jun-2022 17:04:33 UTC] SessionController::validateSession() is true mozo1
[29-Jun-2022 17:04:33 UTC] SessionController::validateSession() is true mozo
[29-Jun-2022 17:04:33 UTC] sessionController::getCurrentPage(): actualLink => /productos/getCategories/1, url => productos
[29-Jun-2022 17:04:33 UTC] SESSIONCONTROLLER::isPublic currentURL => productos
[29-Jun-2022 17:04:33 UTC] sessionController::getCurrentPage(): actualLink => /productos/getCategories/1, url => productos
[29-Jun-2022 17:04:33 UTC] SessionController::validateSession() => autorizado, lo dejamos pasar
[29-Jun-2022 17:04:33 UTC] APP::__CONSTRUCT numero de params => 1
[29-Jun-2022 17:04:33 UTC] Identificacion del usuario actual -> 17
[29-Jun-2022 17:04:33 UTC]  PHP error log 
[29-Jun-2022 17:04:33 UTC]  ============= 
[29-Jun-2022 17:04:33 UTC] APP::__CONSTRUCT() Archivo del controlador actual -> controllers/images.php
[29-Jun-2022 17:04:33 UTC] Render: errors/404
[29-Jun-2022 17:06:42 UTC]  PHP error log 
[29-Jun-2022 17:06:42 UTC]  ============= 
[29-Jun-2022 17:06:42 UTC] APP::__CONSTRUCT() Archivo del controlador actual -> controllers/productos.php
[29-Jun-2022 17:06:42 UTC] SessionController::validateSession()
[29-Jun-2022 17:06:42 UTC] Identificacion del usuario actual -> 17
[29-Jun-2022 17:06:42 UTC] SessionController::getUserSessionData() is started
[29-Jun-2022 17:06:42 UTC] SessionController::validateSession() is true mozo1
[29-Jun-2022 17:06:42 UTC] SessionController::validateSession() is true mozo
[29-Jun-2022 17:06:42 UTC] sessionController::getCurrentPage(): actualLink => /productos/getCategories/1, url => productos
[29-Jun-2022 17:06:42 UTC] SESSIONCONTROLLER::isPublic currentURL => productos
[29-Jun-2022 17:06:42 UTC] sessionController::getCurrentPage(): actualLink => /productos/getCategories/1, url => productos
[29-Jun-2022 17:06:42 UTC] SessionController::validateSession() => autorizado, lo dejamos pasar
[29-Jun-2022 17:06:42 UTC] APP::__CONSTRUCT numero de params => 1
[29-Jun-2022 17:06:42 UTC] Identificacion del usuario actual -> 17
[29-Jun-2022 17:06:44 UTC]  PHP error log 
[29-Jun-2022 17:06:44 UTC]  ============= 
[29-Jun-2022 17:06:44 UTC] APP::__CONSTRUCT() Archivo del controlador actual -> controllers/logout.php
[29-Jun-2022 17:06:44 UTC] SessionController::validateSession()
[29-Jun-2022 17:06:44 UTC] Identificacion del usuario actual -> 17
[29-Jun-2022 17:06:44 UTC] SessionController::getUserSessionData() is started
[29-Jun-2022 17:06:44 UTC] SessionController::validateSession() is true mozo1
[29-Jun-2022 17:06:44 UTC] SessionController::validateSession() is true mozo
[29-Jun-2022 17:06:44 UTC] sessionController::getCurrentPage(): actualLink => /logout, url => logout
[29-Jun-2022 17:06:44 UTC] SESSIONCONTROLLER::isPublic currentURL => logout
[29-Jun-2022 17:06:44 UTC] sessionController::getCurrentPage(): actualLink => /logout, url => logout
[29-Jun-2022 17:06:44 UTC] SessionController::validateSession() => no autorizado, redirige al main
[29-Jun-2022 17:06:44 UTC] controller::redirect passed
[29-Jun-2022 17:06:44 UTC]  PHP error log 
[29-Jun-2022 17:06:44 UTC]  ============= 
[29-Jun-2022 17:06:44 UTC] SessionController::validateSession()
[29-Jun-2022 17:06:44 UTC] sessionController::getCurrentPage(): actualLink => /, url => 
[29-Jun-2022 17:06:44 UTC] SESSIONCONTROLLER::isPublic currentURL => 
[29-Jun-2022 17:06:44 UTC] sessionController::isPublic(): currentURL => 
[29-Jun-2022 17:06:44 UTC] SessionCOntrollerÑÑvalidateSession() public page
[29-Jun-2022 17:06:44 UTC] Render: login/index
[29-Jun-2022 17:06:45 UTC]  PHP error log 
[29-Jun-2022 17:06:45 UTC]  ============= 
[29-Jun-2022 17:06:45 UTC] APP::__CONSTRUCT() Archivo del controlador actual -> controllers/productos.php
[29-Jun-2022 17:06:45 UTC] SessionController::validateSession()
[29-Jun-2022 17:06:45 UTC] sessionController::getCurrentPage(): actualLink => /productos/getCategories/1, url => productos
[29-Jun-2022 17:06:45 UTC] SESSIONCONTROLLER::isPublic currentURL => productos
[29-Jun-2022 17:06:45 UTC] SessionControler::validateSession() redirect al login
[29-Jun-2022 17:06:45 UTC] APP::__CONSTRUCT numero de params => 1
[29-Jun-2022 17:06:45 UTC]  PHP error log 
[29-Jun-2022 17:06:45 UTC]  ============= 
[29-Jun-2022 17:06:45 UTC] APP::__CONSTRUCT() Archivo del controlador actual -> controllers/images.php
[29-Jun-2022 17:06:45 UTC] Render: errors/404
[29-Jun-2022 17:06:46 UTC]  PHP error log 
[29-Jun-2022 17:06:46 UTC]  ============= 
[29-Jun-2022 17:06:46 UTC] APP::__CONSTRUCT() Archivo del controlador actual -> controllers/productos.php
[29-Jun-2022 17:06:46 UTC] SessionController::validateSession()
[29-Jun-2022 17:06:46 UTC] sessionController::getCurrentPage(): actualLink => /productos/getCategories/1, url => productos
[29-Jun-2022 17:06:46 UTC] SESSIONCONTROLLER::isPublic currentURL => productos
[29-Jun-2022 17:06:46 UTC] SessionControler::validateSession() redirect al login
[29-Jun-2022 17:06:46 UTC] APP::__CONSTRUCT numero de params => 1
[29-Jun-2022 17:06:46 UTC]  PHP error log 
[29-Jun-2022 17:06:46 UTC]  ============= 
[29-Jun-2022 17:06:46 UTC] APP::__CONSTRUCT() Archivo del controlador actual -> controllers/images.php
[29-Jun-2022 17:06:46 UTC] Render: errors/404
[29-Jun-2022 17:06:47 UTC]  PHP error log 
[29-Jun-2022 17:06:47 UTC]  ============= 
[29-Jun-2022 17:06:47 UTC] APP::__CONSTRUCT() Archivo del controlador actual -> controllers/productos.php
[29-Jun-2022 17:06:47 UTC] SessionController::validateSession()
[29-Jun-2022 17:06:47 UTC] sessionController::getCurrentPage(): actualLink => /productos/getCategories/1, url => productos
[29-Jun-2022 17:06:47 UTC] SESSIONCONTROLLER::isPublic currentURL => productos
[29-Jun-2022 17:06:47 UTC] SessionControler::validateSession() redirect al login
[29-Jun-2022 17:06:47 UTC] APP::__CONSTRUCT numero de params => 1
[29-Jun-2022 17:06:47 UTC]  PHP error log 
[29-Jun-2022 17:06:47 UTC]  ============= 
[29-Jun-2022 17:06:47 UTC] APP::__CONSTRUCT() Archivo del controlador actual -> controllers/images.php
[29-Jun-2022 17:06:47 UTC] Render: errors/404
[29-Jun-2022 17:07:03 UTC]  PHP error log 
[29-Jun-2022 17:07:03 UTC]  ============= 
[29-Jun-2022 17:07:03 UTC] APP::__CONSTRUCT() Archivo del controlador actual -> controllers/productos.php
[29-Jun-2022 17:07:03 UTC] SessionController::validateSession()
[29-Jun-2022 17:07:03 UTC] sessionController::getCurrentPage(): actualLink => /productos/getCategories/1, url => productos
[29-Jun-2022 17:07:03 UTC] SESSIONCONTROLLER::isPublic currentURL => productos
[29-Jun-2022 17:07:03 UTC] SessionControler::validateSession() redirect al login
[29-Jun-2022 17:07:04 UTC] APP::__CONSTRUCT numero de params => 1
[29-Jun-2022 17:07:04 UTC]  PHP error log 
[29-Jun-2022 17:07:04 UTC]  ============= 
[29-Jun-2022 17:07:04 UTC] SessionController::validateSession()
[29-Jun-2022 17:07:04 UTC] sessionController::getCurrentPage(): actualLink => /, url => 
[29-Jun-2022 17:07:04 UTC] SESSIONCONTROLLER::isPublic currentURL => 
[29-Jun-2022 17:07:04 UTC] sessionController::isPublic(): currentURL => 
[29-Jun-2022 17:07:04 UTC] SessionCOntrollerÑÑvalidateSession() public page
[29-Jun-2022 17:07:04 UTC] Render: login/index
[29-Jun-2022 17:07:23 UTC]  PHP error log 
[29-Jun-2022 17:07:23 UTC]  ============= 
[29-Jun-2022 17:07:23 UTC] APP::__CONSTRUCT() Archivo del controlador actual -> controllers/productos.php
[29-Jun-2022 17:07:23 UTC] SessionController::validateSession()
[29-Jun-2022 17:07:23 UTC] sessionController::getCurrentPage(): actualLink => /productos/getCategories/1, url => productos
[29-Jun-2022 17:07:23 UTC] SESSIONCONTROLLER::isPublic currentURL => productos
[29-Jun-2022 17:07:23 UTC] SessionControler::validateSession() redirect al login
[29-Jun-2022 17:07:23 UTC] APP::__CONSTRUCT numero de params => 1
[29-Jun-2022 17:07:23 UTC]  PHP error log 
[29-Jun-2022 17:07:23 UTC]  ============= 
[29-Jun-2022 17:07:23 UTC] SessionController::validateSession()
[29-Jun-2022 17:07:23 UTC] sessionController::getCurrentPage(): actualLink => /, url => 
[29-Jun-2022 17:07:23 UTC] SESSIONCONTROLLER::isPublic currentURL => 
[29-Jun-2022 17:07:23 UTC] sessionController::isPublic(): currentURL => 
[29-Jun-2022 17:07:23 UTC] SessionCOntrollerÑÑvalidateSession() public page
[29-Jun-2022 17:07:23 UTC] Render: login/index
[29-Jun-2022 17:08:13 UTC]  PHP error log 
[29-Jun-2022 17:08:13 UTC]  ============= 
[29-Jun-2022 17:08:13 UTC] SessionController::validateSession()
[29-Jun-2022 17:08:13 UTC] sessionController::getCurrentPage(): actualLink => /, url => 
[29-Jun-2022 17:08:13 UTC] SESSIONCONTROLLER::isPublic currentURL => 
[29-Jun-2022 17:08:13 UTC] sessionController::isPublic(): currentURL => 
[29-Jun-2022 17:08:13 UTC] SessionCOntrollerÑÑvalidateSession() public page
[29-Jun-2022 17:08:13 UTC] Render: login/index
[29-Jun-2022 17:08:17 UTC]  PHP error log 
[29-Jun-2022 17:08:17 UTC]  ============= 
[29-Jun-2022 17:08:17 UTC] APP::__CONSTRUCT() Archivo del controlador actual -> controllers/productos.php
[29-Jun-2022 17:08:17 UTC] SessionController::validateSession()
[29-Jun-2022 17:08:17 UTC] sessionController::getCurrentPage(): actualLink => /productos/getCategories/1, url => productos
[29-Jun-2022 17:08:17 UTC] SESSIONCONTROLLER::isPublic currentURL => productos
[29-Jun-2022 17:08:17 UTC] SessionControler::validateSession() redirect al login
[29-Jun-2022 17:08:17 UTC] APP::__CONSTRUCT numero de params => 1
[29-Jun-2022 17:08:17 UTC]  PHP error log 
[29-Jun-2022 17:08:17 UTC]  ============= 
[29-Jun-2022 17:08:17 UTC] SessionController::validateSession()
[29-Jun-2022 17:08:17 UTC] sessionController::getCurrentPage(): actualLink => /, url => 
[29-Jun-2022 17:08:17 UTC] SESSIONCONTROLLER::isPublic currentURL => 
[29-Jun-2022 17:08:17 UTC] sessionController::isPublic(): currentURL => 
[29-Jun-2022 17:08:17 UTC] SessionCOntrollerÑÑvalidateSession() public page
[29-Jun-2022 17:08:17 UTC] Render: login/index
[29-Jun-2022 17:08:26 UTC]  PHP error log 
[29-Jun-2022 17:08:26 UTC]  ============= 
[29-Jun-2022 17:08:26 UTC] SessionController::validateSession()
[29-Jun-2022 17:08:26 UTC] sessionController::getCurrentPage(): actualLink => /, url => 
[29-Jun-2022 17:08:26 UTC] SESSIONCONTROLLER::isPublic currentURL => 
[29-Jun-2022 17:08:26 UTC] sessionController::isPublic(): currentURL => 
[29-Jun-2022 17:08:26 UTC] SessionCOntrollerÑÑvalidateSession() public page
[29-Jun-2022 17:08:26 UTC] Render: login/index
[29-Jun-2022 17:08:32 UTC]  PHP error log 
[29-Jun-2022 17:08:32 UTC]  ============= 
[29-Jun-2022 17:08:32 UTC] APP::__CONSTRUCT() Archivo del controlador actual -> controllers/productos.php
[29-Jun-2022 17:08:32 UTC] SessionController::validateSession()
[29-Jun-2022 17:08:32 UTC] sessionController::getCurrentPage(): actualLink => /productos/getCategories/1, url => productos
[29-Jun-2022 17:08:32 UTC] SESSIONCONTROLLER::isPublic currentURL => productos
[29-Jun-2022 17:08:32 UTC] SessionControler::validateSession() redirect al login
[29-Jun-2022 17:08:32 UTC] APP::__CONSTRUCT numero de params => 1
[29-Jun-2022 17:08:32 UTC]  PHP error log 
[29-Jun-2022 17:08:32 UTC]  ============= 
[29-Jun-2022 17:08:32 UTC] APP::__CONSTRUCT() Archivo del controlador actual -> controllers/images.php
[29-Jun-2022 17:08:32 UTC] Render: errors/404
[29-Jun-2022 17:08:51 UTC]  PHP error log 
[29-Jun-2022 17:08:51 UTC]  ============= 
[29-Jun-2022 17:08:51 UTC] APP::__CONSTRUCT() Archivo del controlador actual -> controllers/productos.php
[29-Jun-2022 17:08:51 UTC] SessionController::validateSession()
[29-Jun-2022 17:08:51 UTC] sessionController::getCurrentPage(): actualLink => /productos/getCategories/1, url => productos
[29-Jun-2022 17:08:51 UTC] SESSIONCONTROLLER::isPublic currentURL => productos
[29-Jun-2022 17:08:51 UTC] SessionControler::validateSession() redirect al login
[29-Jun-2022 17:08:51 UTC] APP::__CONSTRUCT numero de params => 1
[29-Jun-2022 17:08:52 UTC]  PHP error log 
[29-Jun-2022 17:08:52 UTC]  ============= 
[29-Jun-2022 17:08:52 UTC] APP::__CONSTRUCT() Archivo del controlador actual -> controllers/favicon.ico.php
[29-Jun-2022 17:08:52 UTC] Render: errors/404
[29-Jun-2022 17:51:08 UTC]  PHP error log 
[29-Jun-2022 17:51:08 UTC]  ============= 
[29-Jun-2022 17:51:09 UTC] APP::__CONSTRUCT() Archivo del controlador actual -> controllers/login.php
[29-Jun-2022 17:51:09 UTC] SessionController::validateSession()
[29-Jun-2022 17:51:09 UTC] sessionController::getCurrentPage(): actualLink => /login/authenticate, url => login
[29-Jun-2022 17:51:09 UTC] SESSIONCONTROLLER::isPublic currentURL => login
[29-Jun-2022 17:51:09 UTC] sessionController::isPublic(): currentURL => login
[29-Jun-2022 17:51:09 UTC] SessionCOntrollerÑÑvalidateSession() public page
[29-Jun-2022 17:51:09 UTC] ExistPost: Todos los parametros existen
[29-Jun-2022 17:51:09 UTC] LOGINMODE::LOGIN user id9
[29-Jun-2022 17:51:09 UTC] Password Actual -> password , Password Descriptada -> password
[29-Jun-2022 17:51:09 UTC] LOGINMODEL::login() verify password PASSED
[29-Jun-2022 17:51:09 UTC] Login::authenticate() passed
[29-Jun-2022 17:51:09 UTC] sessionController::initialize(): user: user4
[29-Jun-2022 17:51:09 UTC] sessionController::authorizeAccess(): role: admin
[29-Jun-2022 17:51:09 UTC] controller::redirect passed
[29-Jun-2022 17:51:09 UTC]  PHP error log 
[29-Jun-2022 17:51:09 UTC]  ============= 
[29-Jun-2022 17:51:09 UTC] APP::__CONSTRUCT() Archivo del controlador actual -> controllers/usuarios.php
[29-Jun-2022 17:51:09 UTC] SessionController::validateSession()
[29-Jun-2022 17:51:09 UTC] Identificacion del usuario actual -> 9
[29-Jun-2022 17:51:09 UTC] SessionController::getUserSessionData() is started
[29-Jun-2022 17:51:09 UTC] SessionController::validateSession() is true user4
[29-Jun-2022 17:51:09 UTC] SessionController::validateSession() is true admin
[29-Jun-2022 17:51:09 UTC] sessionController::getCurrentPage(): actualLink => /usuarios, url => usuarios
[29-Jun-2022 17:51:09 UTC] SESSIONCONTROLLER::isPublic currentURL => usuarios
[29-Jun-2022 17:51:09 UTC] sessionController::getCurrentPage(): actualLink => /usuarios, url => usuarios
[29-Jun-2022 17:51:09 UTC] SessionController::validateSession() => autorizado, lo dejamos pasar
[29-Jun-2022 17:51:09 UTC] SessionController::getUserSessionData() is started
[29-Jun-2022 17:51:09 UTC] USUARIOS::RENDER dataUser user4
[29-Jun-2022 17:51:09 UTC] Render: usuarios/index
[29-Jun-2022 17:51:13 UTC]  PHP error log 
[29-Jun-2022 17:51:13 UTC]  ============= 
[29-Jun-2022 17:51:13 UTC] APP::__CONSTRUCT() Archivo del controlador actual -> controllers/productos.php
[29-Jun-2022 17:51:13 UTC] SessionController::validateSession()
[29-Jun-2022 17:51:13 UTC] Identificacion del usuario actual -> 9
[29-Jun-2022 17:51:13 UTC] SessionController::getUserSessionData() is started
[29-Jun-2022 17:51:13 UTC] SessionController::validateSession() is true user4
[29-Jun-2022 17:51:13 UTC] SessionController::validateSession() is true admin
[29-Jun-2022 17:51:13 UTC] sessionController::getCurrentPage(): actualLink => /productos/getCategories/1, url => productos
[29-Jun-2022 17:51:13 UTC] SESSIONCONTROLLER::isPublic currentURL => productos
[29-Jun-2022 17:51:13 UTC] sessionController::getCurrentPage(): actualLink => /productos/getCategories/1, url => productos
[29-Jun-2022 17:51:13 UTC] SessionController::validateSession() => autorizado, lo dejamos pasar
[29-Jun-2022 17:51:13 UTC] APP::__CONSTRUCT numero de params => 1
[29-Jun-2022 17:51:13 UTC] Identificacion del usuario actual -> 9
[29-Jun-2022 17:51:13 UTC]  PHP error log 
[29-Jun-2022 17:51:13 UTC]  ============= 
[29-Jun-2022 17:51:13 UTC] APP::__CONSTRUCT() Archivo del controlador actual -> controllers/images.php
[29-Jun-2022 17:51:13 UTC] Render: errors/404
[29-Jun-2022 17:51:14 UTC]  PHP error log 
[29-Jun-2022 17:51:14 UTC]  ============= 
[29-Jun-2022 17:51:14 UTC] APP::__CONSTRUCT() Archivo del controlador actual -> controllers/productos.php
[29-Jun-2022 17:51:14 UTC] SessionController::validateSession()
[29-Jun-2022 17:51:14 UTC] Identificacion del usuario actual -> 9
[29-Jun-2022 17:51:14 UTC] SessionController::getUserSessionData() is started
[29-Jun-2022 17:51:14 UTC] SessionController::validateSession() is true user4
[29-Jun-2022 17:51:14 UTC] SessionController::validateSession() is true admin
[29-Jun-2022 17:51:14 UTC] sessionController::getCurrentPage(): actualLink => /productos/getCategories/1, url => productos
[29-Jun-2022 17:51:14 UTC] SESSIONCONTROLLER::isPublic currentURL => productos
[29-Jun-2022 17:51:14 UTC] sessionController::getCurrentPage(): actualLink => /productos/getCategories/1, url => productos
[29-Jun-2022 17:51:14 UTC] SessionController::validateSession() => autorizado, lo dejamos pasar
[29-Jun-2022 17:51:14 UTC] APP::__CONSTRUCT numero de params => 1
[29-Jun-2022 17:51:14 UTC] Identificacion del usuario actual -> 9
[29-Jun-2022 17:51:14 UTC]  PHP error log 
[29-Jun-2022 17:51:14 UTC]  ============= 
[29-Jun-2022 17:51:14 UTC] APP::__CONSTRUCT() Archivo del controlador actual -> controllers/images.php
[29-Jun-2022 17:51:14 UTC] Render: errors/404
[29-Jun-2022 17:51:14 UTC]  PHP error log 
[29-Jun-2022 17:51:14 UTC]  ============= 
[29-Jun-2022 17:51:14 UTC] APP::__CONSTRUCT() Archivo del controlador actual -> controllers/productos.php
[29-Jun-2022 17:51:14 UTC] SessionController::validateSession()
[29-Jun-2022 17:51:14 UTC] Identificacion del usuario actual -> 9
[29-Jun-2022 17:51:14 UTC] SessionController::getUserSessionData() is started
[29-Jun-2022 17:51:14 UTC] SessionController::validateSession() is true user4
[29-Jun-2022 17:51:14 UTC] SessionController::validateSession() is true admin
[29-Jun-2022 17:51:14 UTC] sessionController::getCurrentPage(): actualLink => /productos/getCategories/1, url => productos
[29-Jun-2022 17:51:14 UTC] SESSIONCONTROLLER::isPublic currentURL => productos
[29-Jun-2022 17:51:14 UTC] sessionController::getCurrentPage(): actualLink => /productos/getCategories/1, url => productos
[29-Jun-2022 17:51:14 UTC] SessionController::validateSession() => autorizado, lo dejamos pasar
[29-Jun-2022 17:51:14 UTC] APP::__CONSTRUCT numero de params => 1
[29-Jun-2022 17:51:14 UTC] Identificacion del usuario actual -> 9
[29-Jun-2022 17:51:14 UTC]  PHP error log 
[29-Jun-2022 17:51:14 UTC]  ============= 
[29-Jun-2022 17:51:15 UTC] APP::__CONSTRUCT() Archivo del controlador actual -> controllers/images.php
[29-Jun-2022 17:51:15 UTC] Render: errors/404
